2014-05-27 13:51:45.341 HelloWorld[80731:70b] Multi-tasking -> Device: YES, App: YES
2014-05-27 13:51:45.377 HelloWorld[80731:70b] Fix applied for database locations?: YES
2014-05-27 13:51:45.670 HelloWorld[80731:70b] Resetting plugins due to page load.
2014-05-27 13:51:45.916 HelloWorld[80731:70b] Finished load of: file:///Users/nickmeehan/Library/Application%20Support/iPhone%20Simulator/7.1/Applications/0F3F6742-8488-4C54-ABCF-FE7118B68172/HelloWorld.app/www/index.html
2014-05-27 14:07:29.717 HelloWorld[81501:70b] Multi-tasking -> Device: YES, App: YES
2014-05-27 14:07:29.729 HelloWorld[81501:70b] Unlimited access to network resources
2014-05-27 14:07:29.825 HelloWorld[81501:70b] Resetting plugins due to page load.
2014-05-27 14:07:29.874 HelloWorld[81501:70b] Finished load of: file:///Users/nickmeehan/Library/Application%20Support/iPhone%20Simulator/7.1/Applications/0F3F6742-8488-4C54-ABCF-FE7118B68172/HelloWorld.app/www/index.html
2014-05-27 14:08:25.596 HelloWorld[81856:70b] Multi-tasking -> Device: YES, App: YES
2014-05-27 14:08:25.614 HelloWorld[81856:70b] Unlimited access to network resources
2014-05-27 14:08:25.776 HelloWorld[81856:70b] Resetting plugins due to page load.
2014-05-27 14:08:25.866 HelloWorld[81856:70b] Finished load of: file:///Users/nickmeehan/Library/Application%20Support/iPhone%20Simulator/7.1/Applications/0F3F6742-8488-4C54-ABCF-FE7118B68172/HelloWorld.app/www/index.html
Terminating in response to SpringBoard's termination.
2014-05-27 14:08:54.005 HelloWorld[82198:70b] Multi-tasking -> Device: YES, App: YES
2014-05-27 14:08:54.018 HelloWorld[82198:70b] Unlimited access to network resources
2014-05-27 14:08:54.187 HelloWorld[82198:70b] Resetting plugins due to page load.
2014-05-27 14:08:54.303 HelloWorld[82198:70b] Finished load of: file:///Users/nickmeehan/Library/Application%20Support/iPhone%20Simulator/7.1/Applications/0F3F6742-8488-4C54-ABCF-FE7118B68172/HelloWorld.app/www/index.html
2014-05-27 14:09:48.571 HelloWorld[82526:70b] Multi-tasking -> Device: YES, App: YES
2014-05-27 14:09:48.579 HelloWorld[82526:70b] Unlimited access to network resources
2014-05-27 14:09:48.639 HelloWorld[82526:70b] Resetting plugins due to page load.
2014-05-27 14:09:48.683 HelloWorld[82526:70b] Finished load of: file:///Users/nickmeehan/Library/Application%20Support/iPhone%20Simulator/7.1/Applications/0F3F6742-8488-4C54-ABCF-FE7118B68172/HelloWorld.app/www/index.html
2014-05-27 14:09:48.729 HelloWorld[82526:70b] THREAD WARNING: ['Notification'] took '21.100098' ms. Plugin should use a background thread.
Terminating in response to SpringBoard's termination.
2014-05-27 14:10:38.371 HelloWorld[82871:70b] Multi-tasking -> Device: YES, App: YES
2014-05-27 14:10:38.383 HelloWorld[82871:70b] Unlimited access to network resources
2014-05-27 14:10:38.548 HelloWorld[82871:70b] Resetting plugins due to page load.
2014-05-27 14:10:38.637 HelloWorld[82871:70b] Finished load of: file:///Users/nickmeehan/Library/Application%20Support/iPhone%20Simulator/7.1/Applications/0F3F6742-8488-4C54-ABCF-FE7118B68172/HelloWorld.app/www/index.html
2014-05-27 14:10:38.767 HelloWorld[82871:70b] THREAD WARNING: ['Notification'] took '84.083984' ms. Plugin should use a background thread.
Terminating in response to SpringBoard's termination.
2014-05-27 14:11:32.295 HelloWorld[83224:70b] Multi-tasking -> Device: YES, App: YES
2014-05-27 14:11:32.310 HelloWorld[83224:70b] Unlimited access to network resources
2014-05-27 14:11:32.505 HelloWorld[83224:70b] Resetting plugins due to page load.
2014-05-27 14:11:32.582 HelloWorld[83224:70b] Finished load of: file:///Users/nickmeehan/Library/Application%20Support/iPhone%20Simulator/7.1/Applications/0F3F6742-8488-4C54-ABCF-FE7118B68172/HelloWorld.app/www/index.html
2014-05-27 14:11:32.712 HelloWorld[83224:70b] THREAD WARNING: ['Notification'] took '89.170166' ms. Plugin should use a background thread.
2014-05-27 14:20:20.106 HelloWorld[83836:70b] Multi-tasking -> Device: YES, App: YES
2014-05-27 14:20:20.114 HelloWorld[83836:70b] Unlimited access to network resources
2014-05-27 14:20:20.271 HelloWorld[83836:70b] Resetting plugins due to page load.
2014-05-27 14:20:20.337 HelloWorld[83836:70b] Finished load of: file:///Users/nickmeehan/Library/Application%20Support/iPhone%20Simulator/7.1/Applications/0F3F6742-8488-4C54-ABCF-FE7118B68172/HelloWorld.app/www/index.html
2014-05-27 14:20:20.493 HelloWorld[83836:70b] THREAD WARNING: ['Notification'] took '92.993896' ms. Plugin should use a background thread.
2014-05-27 14:20:24.512 HelloWorld[83836:70b] *** Assertion failure in -[UIApplication runModal:](), /SourceCache/UIKit_Sim/UIKit-2935.137/UIApplication.m:9585
2014-05-27 14:20:24.515 HelloWorld[83836:70b] *** WebKit discarded an uncaught exception in the webView:runJavaScriptAlertPanelWithMessage:initiatedByFrame: delegate: <NSInternalInconsistencyException> The view passed in does not have a window.
2014-05-27 14:23:02.872 HelloWorld[84258:70b] Multi-tasking -> Device: YES, App: YES
2014-05-27 14:23:02.884 HelloWorld[84258:70b] Unlimited access to network resources
2014-05-27 14:23:03.044 HelloWorld[84258:70b] Resetting plugins due to page load.
2014-05-27 14:23:03.112 HelloWorld[84258:70b] Finished load of: file:///Users/nickmeehan/Library/Application%20Support/iPhone%20Simulator/7.1/Applications/0F3F6742-8488-4C54-ABCF-FE7118B68172/HelloWorld.app/www/index.html
2014-05-27 14:23:03.307 HelloWorld[84258:70b] THREAD WARNING: ['Notification'] took '68.799805' ms. Plugin should use a background thread.
2014-05-27 14:27:19.898 HelloWorld[84712:70b] Multi-tasking -> Device: YES, App: YES
2014-05-27 14:27:19.910 HelloWorld[84712:70b] Unlimited access to network resources
2014-05-27 14:27:20.085 HelloWorld[84712:70b] Resetting plugins due to page load.
2014-05-27 14:27:20.154 HelloWorld[84712:70b] Finished load of: file:///Users/nickmeehan/Library/Application%20Support/iPhone%20Simulator/7.1/Applications/0F3F6742-8488-4C54-ABCF-FE7118B68172/HelloWorld.app/www/index.html
2014-05-27 14:27:20.309 HelloWorld[84712:70b] THREAD WARNING: ['Notification'] took '94.833984' ms. Plugin should use a background thread.
2014-05-27 14:27:20.454 HelloWorld[84712:70b] *** Assertion failure in -[UIApplication runModal:](), /SourceCache/UIKit_Sim/UIKit-2935.137/UIApplication.m:9585
2014-05-27 14:27:20.455 HelloWorld[84712:70b] *** WebKit discarded an uncaught exception in the webView:runJavaScriptAlertPanelWithMessage:initiatedByFrame: delegate: <NSInternalInconsistencyException> The view passed in does not have a window.
2014-05-27 14:49:03.172 HelloWorld[85676:70b] Multi-tasking -> Device: YES, App: YES
2014-05-27 14:49:03.185 HelloWorld[85676:70b] Unlimited access to network resources
2014-05-27 14:49:03.366 HelloWorld[85676:70b] Resetting plugins due to page load.
2014-05-27 14:49:03.453 HelloWorld[85676:70b] Finished load of: file:///Users/nickmeehan/Library/Application%20Support/iPhone%20Simulator/7.1/Applications/0F3F6742-8488-4C54-ABCF-FE7118B68172/HelloWorld.app/www/index.html
2014-05-27 14:49:03.607 HelloWorld[85676:70b] THREAD WARNING: ['Notification'] took '99.131836' ms. Plugin should use a background thread.
Terminating in response to SpringBoard's termination.
2014-05-27 14:58:11.111 HelloWorld[86268:70b] Multi-tasking -> Device: YES, App: YES
2014-05-27 14:58:11.123 HelloWorld[86268:70b] Unlimited access to network resources
2014-05-27 14:58:11.302 HelloWorld[86268:70b] Resetting plugins due to page load.
2014-05-27 14:58:11.548 HelloWorld[86268:70b] THREAD WARNING: ['Notification'] took '96.475098' ms. Plugin should use a background thread.
2014-05-27 14:58:13.880 HelloWorld[86268:70b] Finished load of: file:///Users/nickmeehan/Library/Application%20Support/iPhone%20Simulator/7.1/Applications/0F3F6742-8488-4C54-ABCF-FE7118B68172/HelloWorld.app/www/index.html
2014-05-27 15:00:00.372 HelloWorld[86653:70b] Multi-tasking -> Device: YES, App: YES
2014-05-27 15:00:00.386 HelloWorld[86653:70b] Unlimited access to network resources
2014-05-27 15:00:00.577 HelloWorld[86653:70b] Resetting plugins due to page load.
2014-05-27 15:00:03.508 HelloWorld[86653:70b] Finished load of: file:///Users/nickmeehan/Library/Application%20Support/iPhone%20Simulator/7.1/Applications/0F3F6742-8488-4C54-ABCF-FE7118B68172/HelloWorld.app/www/index.html
2014-05-27 15:01:59.919 HelloWorld[86653:70b] Received memory warning.
2014-05-27 15:06:30.482 HelloWorld[87234:70b] Multi-tasking -> Device: YES, App: YES
2014-05-27 15:06:30.515 HelloWorld[87234:70b] Unlimited access to network resources
2014-05-27 15:06:30.704 HelloWorld[87234:70b] Resetting plugins due to page load.
2014-05-27 15:06:33.984 HelloWorld[87234:70b] Finished load of: file:///Users/nickmeehan/Library/Application%20Support/iPhone%20Simulator/7.1/Applications/0F3F6742-8488-4C54-ABCF-FE7118B68172/HelloWorld.app/www/index.html
2014-05-27 15:26:27.560 HelloWorld[88101:70b] Multi-tasking -> Device: YES, App: YES
2014-05-27 15:26:27.569 HelloWorld[88101:70b] Unlimited access to network resources
2014-05-27 15:26:27.636 HelloWorld[88101:70b] Resetting plugins due to page load.
2014-05-27 15:26:28.369 HelloWorld[88101:70b] Finished load of: file:///Users/nickmeehan/Library/Application%20Support/iPhone%20Simulator/7.1/Applications/0F3F6742-8488-4C54-ABCF-FE7118B68172/HelloWorld.app/www/index.html
Terminating in response to SpringBoard's termination.
2014-05-27 15:28:44.112 HelloWorld[88500:70b] Multi-tasking -> Device: YES, App: YES
2014-05-27 15:28:44.124 HelloWorld[88500:70b] Unlimited access to network resources
2014-05-27 15:28:44.315 HelloWorld[88500:70b] Resetting plugins due to page load.
2014-05-27 15:28:45.000 HelloWorld[88500:70b] Finished load of: file:///Users/nickmeehan/Library/Application%20Support/iPhone%20Simulator/7.1/Applications/0F3F6742-8488-4C54-ABCF-FE7118B68172/HelloWorld.app/www/index.html
2014-05-27 15:28:45.208 HelloWorld[88500:70b] THREAD WARNING: ['Notification'] took '28.838867' ms. Plugin should use a background thread.
2014-05-27 15:30:34.480 HelloWorld[88893:70b] Multi-tasking -> Device: YES, App: YES
2014-05-27 15:30:34.492 HelloWorld[88893:70b] Unlimited access to network resources
2014-05-27 15:30:34.673 HelloWorld[88893:70b] Resetting plugins due to page load.
2014-05-27 15:30:35.086 HelloWorld[88893:70b] Finished load of: file:///Users/nickmeehan/Library/Application%20Support/iPhone%20Simulator/7.1/Applications/0F3F6742-8488-4C54-ABCF-FE7118B68172/HelloWorld.app/www/index.html
2014-05-27 15:31:39.998 HelloWorld[89261:70b] Multi-tasking -> Device: YES, App: YES
2014-05-27 15:31:40.011 HelloWorld[89261:70b] Unlimited access to network resources
2014-05-27 15:31:40.192 HelloWorld[89261:70b] Resetting plugins due to page load.
2014-05-27 15:31:42.085 HelloWorld[89261:70b] Finished load of: file:///Users/nickmeehan/Library/Application%20Support/iPhone%20Simulator/7.1/Applications/0F3F6742-8488-4C54-ABCF-FE7118B68172/HelloWorld.app/www/index.html
2014-05-27 15:33:15.355 HelloWorld[89646:70b] Multi-tasking -> Device: YES, App: YES
2014-05-27 15:33:15.373 HelloWorld[89646:70b] Unlimited access to network resources
2014-05-27 15:33:15.551 HelloWorld[89646:70b] Resetting plugins due to page load.
2014-05-27 15:33:16.587 HelloWorld[89646:70b] Finished load of: file:///Users/nickmeehan/Library/Application%20Support/iPhone%20Simulator/7.1/Applications/0F3F6742-8488-4C54-ABCF-FE7118B68172/HelloWorld.app/www/index.html
Terminating in response to SpringBoard's termination.
2014-05-27 15:34:09.325 HelloWorld[90008:70b] Multi-tasking -> Device: YES, App: YES
2014-05-27 15:34:09.337 HelloWorld[90008:70b] Unlimited access to network resources
2014-05-27 15:34:09.532 HelloWorld[90008:70b] Resetting plugins due to page load.
2014-05-27 15:34:13.264 HelloWorld[90008:70b] Finished load of: file:///Users/nickmeehan/Library/Application%20Support/iPhone%20Simulator/7.1/Applications/0F3F6742-8488-4C54-ABCF-FE7118B68172/HelloWorld.app/www/index.html
2014-05-27 15:35:03.499 HelloWorld[90369:70b] Multi-tasking -> Device: YES, App: YES
2014-05-27 15:35:03.514 HelloWorld[90369:70b] Unlimited access to network resources
2014-05-27 15:35:03.701 HelloWorld[90369:70b] Resetting plugins due to page load.
2014-05-27 15:35:05.414 HelloWorld[90369:70b] Finished load of: file:///Users/nickmeehan/Library/Application%20Support/iPhone%20Simulator/7.1/Applications/0F3F6742-8488-4C54-ABCF-FE7118B68172/HelloWorld.app/www/index.html
2014-05-27 15:36:05.136 HelloWorld[90734:70b] Multi-tasking -> Device: YES, App: YES
2014-05-27 15:36:05.149 HelloWorld[90734:70b] Unlimited access to network resources
2014-05-27 15:36:05.325 HelloWorld[90734:70b] Resetting plugins due to page load.
2014-05-27 15:36:05.879 HelloWorld[90734:70b] Finished load of: file:///Users/nickmeehan/Library/Application%20Support/iPhone%20Simulator/7.1/Applications/0F3F6742-8488-4C54-ABCF-FE7118B68172/HelloWorld.app/www/index.html
2014-05-27 15:37:09.668 HelloWorld[91101:70b] Multi-tasking -> Device: YES, App: YES
2014-05-27 15:37:09.681 HelloWorld[91101:70b] Unlimited access to network resources
2014-05-27 15:37:09.856 HelloWorld[91101:70b] Resetting plugins due to page load.
2014-05-27 15:37:17.451 HelloWorld[91101:70b] Finished load of: file:///Users/nickmeehan/Library/Application%20Support/iPhone%20Simulator/7.1/Applications/0F3F6742-8488-4C54-ABCF-FE7118B68172/HelloWorld.app/www/index.html
2014-05-27 15:42:23.896 HelloWorld[91597:70b] Multi-tasking -> Device: YES, App: YES
2014-05-27 15:42:23.908 HelloWorld[91597:70b] Unlimited access to network resources
2014-05-27 15:42:24.086 HelloWorld[91597:70b] Resetting plugins due to page load.
2014-05-27 15:42:27.606 HelloWorld[91597:70b] Finished load of: file:///Users/nickmeehan/Library/Application%20Support/iPhone%20Simulator/7.1/Applications/0F3F6742-8488-4C54-ABCF-FE7118B68172/HelloWorld.app/www/index.html
2014-05-27 15:45:09.726 HelloWorld[92213:70b] Multi-tasking -> Device: YES, App: YES
2014-05-27 15:45:09.738 HelloWorld[92213:70b] Unlimited access to network resources
2014-05-27 15:45:09.914 HelloWorld[92213:70b] Resetting plugins due to page load.
2014-05-27 15:45:12.175 HelloWorld[92213:70b] Finished load of: file:///Users/nickmeehan/Library/Application%20Support/iPhone%20Simulator/7.1/Applications/0F3F6742-8488-4C54-ABCF-FE7118B68172/HelloWorld.app/www/index.html
2014-05-27 23:43:34.896 HelloWorld[29075:70b] Multi-tasking -> Device: YES, App: YES
2014-05-27 23:43:34.910 HelloWorld[29075:70b] Unlimited access to network resources
2014-05-27 23:43:35.070 HelloWorld[29075:70b] Resetting plugins due to page load.
2014-05-27 23:43:35.262 HelloWorld[29075:70b] Finished load of: file:///Users/nickmeehan/Library/Application%20Support/iPhone%20Simulator/7.1/Applications/20A37359-9701-466D-8D69-50950782D05B/HelloWorld.app/www/index.html
2014-05-27 23:43:41.901 HelloWorld[29075:70b] Camera.getPicture: source type 1 not available.
2014-05-27 23:45:38.470 HelloWorld[29486:70b] Multi-tasking -> Device: YES, App: YES
2014-05-27 23:45:38.483 HelloWorld[29486:70b] Unlimited access to network resources
2014-05-27 23:45:38.656 HelloWorld[29486:70b] Resetting plugins due to page load.
2014-05-27 23:45:39.401 HelloWorld[29486:70b] Finished load of: file:///Users/nickmeehan/Library/Application%20Support/iPhone%20Simulator/7.1/Applications/20A37359-9701-466D-8D69-50950782D05B/HelloWorld.app/www/index.html
2014-05-27 23:45:45.602 HelloWorld[29486:70b] Camera.getPicture: source type 1 not available.
2014-05-27 23:45:45.614 HelloWorld[29486:70b] THREAD WARNING: ['Notification'] took '10.457031' ms. Plugin should use a background thread.
Terminating in response to SpringBoard's termination.
2014-05-27 23:46:34.659 HelloWorld[29862:70b] Multi-tasking -> Device: YES, App: YES
2014-05-27 23:46:34.678 HelloWorld[29862:70b] Unlimited access to network resources
2014-05-27 23:46:34.828 HelloWorld[29862:70b] Resetting plugins due to page load.
2014-05-27 23:46:35.280 HelloWorld[29862:70b] Finished load of: file:///Users/nickmeehan/Library/Application%20Support/iPhone%20Simulator/7.1/Applications/20A37359-9701-466D-8D69-50950782D05B/HelloWorld.app/www/index.html
2014-05-27 23:46:39.527 HelloWorld[29862:70b] Camera.getPicture: source type 1 not available.
2014-05-27 23:46:39.539 HelloWorld[29862:70b] THREAD WARNING: ['Notification'] took '10.747070' ms. Plugin should use a background thread.
2014-05-27 23:47:53.397 HelloWorld[30254:70b] Multi-tasking -> Device: YES, App: YES
2014-05-27 23:47:53.412 HelloWorld[30254:70b] Unlimited access to network resources
2014-05-27 23:47:53.575 HelloWorld[30254:70b] Resetting plugins due to page load.
2014-05-27 23:47:54.195 HelloWorld[30254:70b] Finished load of: file:///Users/nickmeehan/Library/Application%20Support/iPhone%20Simulator/7.1/Applications/20A37359-9701-466D-8D69-50950782D05B/HelloWorld.app/www/index.html
2014-05-27 23:47:58.737 HelloWorld[30254:70b] Camera.getPicture: source type 1 not available.
2014-05-27 23:47:58.750 HelloWorld[30254:70b] THREAD WARNING: ['Notification'] took '11.513184' ms. Plugin should use a background thread.
2014-05-27 23:49:15.673 HelloWorld[30644:70b] Multi-tasking -> Device: YES, App: YES
2014-05-27 23:49:15.687 HelloWorld[30644:70b] Unlimited access to network resources
2014-05-27 23:49:15.847 HelloWorld[30644:70b] Resetting plugins due to page load.
2014-05-27 23:49:16.267 HelloWorld[30644:70b] Finished load of: file:///Users/nickmeehan/Library/Application%20Support/iPhone%20Simulator/7.1/Applications/20A37359-9701-466D-8D69-50950782D05B/HelloWorld.app/www/index.html
2014-05-27 23:49:20.493 HelloWorld[30644:70b] Camera.getPicture: source type 1 not available.
2014-05-27 23:49:20.505 HelloWorld[30644:70b] THREAD WARNING: ['Notification'] took '10.959229' ms. Plugin should use a background thread.
2014-05-27 23:52:18.177 HelloWorld[31089:70b] Multi-tasking -> Device: YES, App: YES
2014-05-27 23:52:18.188 HelloWorld[31089:70b] Unlimited access to network resources
2014-05-27 23:52:18.347 HelloWorld[31089:70b] Resetting plugins due to page load.
2014-05-27 23:52:18.808 HelloWorld[31089:70b] Finished load of: file:///Users/nickmeehan/Library/Application%20Support/iPhone%20Simulator/7.1/Applications/20A37359-9701-466D-8D69-50950782D05B/HelloWorld.app/www/index.html
2014-05-27 23:52:22.480 HelloWorld[31089:70b] Camera.getPicture: source type 1 not available.
Terminating in response to SpringBoard's termination.
2014-05-27 23:56:01.816 HelloWorld[31549:70b] Multi-tasking -> Device: YES, App: YES
2014-05-27 23:56:01.828 HelloWorld[31549:70b] Unlimited access to network resources
2014-05-27 23:56:01.994 HelloWorld[31549:70b] Resetting plugins due to page load.
2014-05-27 23:56:02.452 HelloWorld[31549:70b] Finished load of: file:///Users/nickmeehan/Library/Application%20Support/iPhone%20Simulator/7.1/Applications/20A37359-9701-466D-8D69-50950782D05B/HelloWorld.app/www/index.html
2014-05-27 23:57:16.412 HelloWorld[31934:70b] Multi-tasking -> Device: YES, App: YES
2014-05-27 23:57:16.424 HelloWorld[31934:70b] Unlimited access to network resources
2014-05-27 23:57:16.593 HelloWorld[31934:70b] Resetting plugins due to page load.
2014-05-27 23:57:19.252 HelloWorld[31934:70b] Finished load of: file:///Users/nickmeehan/Library/Application%20Support/iPhone%20Simulator/7.1/Applications/20A37359-9701-466D-8D69-50950782D05B/HelloWorld.app/www/index.html
2014-05-27 23:57:27.150 HelloWorld[31934:70b] Camera.getPicture: source type 1 not available.
2014-05-27 23:58:43.226 HelloWorld[32320:70b] Multi-tasking -> Device: YES, App: YES
2014-05-27 23:58:43.238 HelloWorld[32320:70b] Unlimited access to network resources
2014-05-27 23:58:43.394 HelloWorld[32320:70b] Resetting plugins due to page load.
2014-05-27 23:58:43.912 HelloWorld[32320:70b] Finished load of: file:///Users/nickmeehan/Library/Application%20Support/iPhone%20Simulator/7.1/Applications/20A37359-9701-466D-8D69-50950782D05B/HelloWorld.app/www/index.html
2014-05-27 23:58:49.956 HelloWorld[32320:70b] Camera.getPicture: source type 1 not available.
2014-05-27 23:58:49.968 HelloWorld[32320:70b] THREAD WARNING: ['Notification'] took '10.293945' ms. Plugin should use a background thread.
2014-05-28 00:02:02.822 HelloWorld[32767:70b] Multi-tasking -> Device: YES, App: YES
2014-05-28 00:02:02.835 HelloWorld[32767:70b] Unlimited access to network resources
2014-05-28 00:02:02.992 HelloWorld[32767:70b] Resetting plugins due to page load.
2014-05-28 00:02:03.481 HelloWorld[32767:70b] Finished load of: file:///Users/nickmeehan/Library/Application%20Support/iPhone%20Simulator/7.1/Applications/20A37359-9701-466D-8D69-50950782D05B/HelloWorld.app/www/index.html
2014-05-28 00:04:25.897 HelloWorld[33186:70b] Multi-tasking -> Device: YES, App: YES
2014-05-28 00:04:25.906 HelloWorld[33186:70b] Unlimited access to network resources
2014-05-28 00:04:26.061 HelloWorld[33186:70b] Resetting plugins due to page load.
2014-05-28 00:04:26.563 HelloWorld[33186:70b] Finished load of: file:///Users/nickmeehan/Library/Application%20Support/iPhone%20Simulator/7.1/Applications/20A37359-9701-466D-8D69-50950782D05B/HelloWorld.app/www/index.html
2014-05-28 00:04:32.181 HelloWorld[33186:70b] Camera.getPicture: source type 1 not available.
2014-05-28 00:05:17.674 HelloWorld[33559:70b] Multi-tasking -> Device: YES, App: YES
2014-05-28 00:05:17.686 HelloWorld[33559:70b] Unlimited access to network resources
2014-05-28 00:05:17.840 HelloWorld[33559:70b] Resetting plugins due to page load.
2014-05-28 00:05:18.410 HelloWorld[33559:70b] Finished load of: file:///Users/nickmeehan/Library/Application%20Support/iPhone%20Simulator/7.1/Applications/20A37359-9701-466D-8D69-50950782D05B/HelloWorld.app/www/index.html
2014-05-28 00:07:44.891 HelloWorld[33981:70b] Multi-tasking -> Device: YES, App: YES
2014-05-28 00:07:44.903 HelloWorld[33981:70b] Unlimited access to network resources
2014-05-28 00:07:45.063 HelloWorld[33981:70b] Resetting plugins due to page load.
2014-05-28 00:07:45.570 HelloWorld[33981:70b] Finished load of: file:///Users/nickmeehan/Library/Application%20Support/iPhone%20Simulator/7.1/Applications/20A37359-9701-466D-8D69-50950782D05B/HelloWorld.app/www/index.html
2014-05-28 00:08:53.450 HelloWorld[34361:70b] Multi-tasking -> Device: YES, App: YES
2014-05-28 00:08:53.462 HelloWorld[34361:70b] Unlimited access to network resources
2014-05-28 00:08:53.622 HelloWorld[34361:70b] Resetting plugins due to page load.
2014-05-28 00:08:54.164 HelloWorld[34361:70b] Finished load of: file:///Users/nickmeehan/Library/Application%20Support/iPhone%20Simulator/7.1/Applications/20A37359-9701-466D-8D69-50950782D05B/HelloWorld.app/www/index.html
2014-05-28 00:08:58.744 HelloWorld[34361:70b] Camera.getPicture: source type 1 not available.
2014-05-28 00:11:06.628 HelloWorld[34776:70b] Multi-tasking -> Device: YES, App: YES
2014-05-28 00:11:06.649 HelloWorld[34776:70b] Unlimited access to network resources
2014-05-28 00:11:06.822 HelloWorld[34776:70b] Resetting plugins due to page load.
2014-05-28 00:11:07.289 HelloWorld[34776:70b] Finished load of: file:///Users/nickmeehan/Library/Application%20Support/iPhone%20Simulator/7.1/Applications/20A37359-9701-466D-8D69-50950782D05B/HelloWorld.app/www/index.html
2014-05-28 00:11:12.024 HelloWorld[34776:70b] Camera.getPicture: source type 1 not available.
2014-05-28 00:12:11.325 HelloWorld[35158:70b] Multi-tasking -> Device: YES, App: YES
2014-05-28 00:12:11.337 HelloWorld[35158:70b] Unlimited access to network resources
2014-05-28 00:12:11.514 HelloWorld[35158:70b] Resetting plugins due to page load.
2014-05-28 00:12:12.018 HelloWorld[35158:70b] Finished load of: file:///Users/nickmeehan/Library/Application%20Support/iPhone%20Simulator/7.1/Applications/20A37359-9701-466D-8D69-50950782D05B/HelloWorld.app/www/index.html
2014-05-28 00:12:19.707 HelloWorld[35158:70b] Camera.getPicture: source type 1 not available.
2014-05-28 00:13:21.213 HelloWorld[35543:70b] Multi-tasking -> Device: YES, App: YES
2014-05-28 00:13:21.226 HelloWorld[35543:70b] Unlimited access to network resources
2014-05-28 00:13:21.384 HelloWorld[35543:70b] Resetting plugins due to page load.
2014-05-28 00:13:22.064 HelloWorld[35543:70b] Finished load of: file:///Users/nickmeehan/Library/Application%20Support/iPhone%20Simulator/7.1/Applications/20A37359-9701-466D-8D69-50950782D05B/HelloWorld.app/www/index.html
2014-05-28 00:13:29.939 HelloWorld[35543:70b] Camera.getPicture: source type 1 not available.
2014-05-28 00:18:36.934 HelloWorld[36058:70b] Multi-tasking -> Device: YES, App: YES
2014-05-28 00:18:36.946 HelloWorld[36058:70b] Unlimited access to network resources
2014-05-28 00:18:37.107 HelloWorld[36058:70b] Resetting plugins due to page load.
2014-05-28 00:18:37.561 HelloWorld[36058:70b] Finished load of: file:///Users/nickmeehan/Library/Application%20Support/iPhone%20Simulator/7.1/Applications/20A37359-9701-466D-8D69-50950782D05B/HelloWorld.app/www/index.html
2014-05-28 00:18:47.894 HelloWorld[36058:70b] Camera.getPicture: source type 1 not available.
2014-05-28 00:18:47.905 HelloWorld[36058:70b] THREAD WARNING: ['Notification'] took '10.128174' ms. Plugin should use a background thread.
2014-05-28 00:20:39.922 HelloWorld[36473:70b] Multi-tasking -> Device: YES, App: YES
2014-05-28 00:20:39.934 HelloWorld[36473:70b] Unlimited access to network resources
2014-05-28 00:20:40.084 HelloWorld[36473:70b] Resetting plugins due to page load.
2014-05-28 00:20:40.691 HelloWorld[36473:70b] Finished load of: file:///Users/nickmeehan/Library/Application%20Support/iPhone%20Simulator/7.1/Applications/20A37359-9701-466D-8D69-50950782D05B/HelloWorld.app/www/index.html
2014-05-28 00:20:47.559 HelloWorld[36473:70b] Camera.getPicture: source type 1 not available.
2014-05-28 00:20:47.571 HelloWorld[36473:70b] THREAD WARNING: ['Notification'] took '10.335938' ms. Plugin should use a background thread.
2014-05-28 00:27:15.459 HelloWorld[37025:70b] Multi-tasking -> Device: YES, App: YES
2014-05-28 00:27:15.473 HelloWorld[37025:70b] Unlimited access to network resources
2014-05-28 00:27:15.636 HelloWorld[37025:70b] Resetting plugins due to page load.
2014-05-28 00:27:16.104 HelloWorld[37025:70b] Finished load of: file:///Users/nickmeehan/Library/Application%20Support/iPhone%20Simulator/7.1/Applications/20A37359-9701-466D-8D69-50950782D05B/HelloWorld.app/www/index.html
2014-05-28 00:28:09.588 HelloWorld[37409:70b] Multi-tasking -> Device: YES, App: YES
2014-05-28 00:28:09.600 HelloWorld[37409:70b] Unlimited access to network resources
2014-05-28 00:28:09.752 HelloWorld[37409:70b] Resetting plugins due to page load.
2014-05-28 00:28:10.226 HelloWorld[37409:70b] Finished load of: file:///Users/nickmeehan/Library/Application%20Support/iPhone%20Simulator/7.1/Applications/20A37359-9701-466D-8D69-50950782D05B/HelloWorld.app/www/index.html
2014-05-28 00:28:17.127 HelloWorld[37409:70b] Camera.getPicture: source type 1 not available.
2014-05-28 00:29:25.289 HelloWorld[37804:70b] Multi-tasking -> Device: YES, App: YES
2014-05-28 00:29:25.300 HelloWorld[37804:70b] Unlimited access to network resources
2014-05-28 00:29:25.463 HelloWorld[37804:70b] Resetting plugins due to page load.
2014-05-28 00:29:26.062 HelloWorld[37804:70b] Finished load of: file:///Users/nickmeehan/Library/Application%20Support/iPhone%20Simulator/7.1/Applications/20A37359-9701-466D-8D69-50950782D05B/HelloWorld.app/www/index.html
2014-05-28 00:29:32.831 HelloWorld[37804:70b] Camera.getPicture: source type 1 not available.
2014-05-28 00:29:32.843 HelloWorld[37804:70b] THREAD WARNING: ['Notification'] took '10.296875' ms. Plugin should use a background thread.
2014-05-28 00:30:13.722 HelloWorld[38187:70b] Multi-tasking -> Device: YES, App: YES
2014-05-28 00:30:13.733 HelloWorld[38187:70b] Unlimited access to network resources
2014-05-28 00:30:13.901 HelloWorld[38187:70b] Resetting plugins due to page load.
2014-05-28 00:30:14.540 HelloWorld[38187:70b] Finished load of: file:///Users/nickmeehan/Library/Application%20Support/iPhone%20Simulator/7.1/Applications/20A37359-9701-466D-8D69-50950782D05B/HelloWorld.app/www/index.html
2014-05-28 00:30:22.040 HelloWorld[38187:70b] Camera.getPicture: source type 1 not available.
2014-05-28 00:31:51.349 HelloWorld[38187:70b] Camera.getPicture: source type 1 not available.
2014-05-28 00:43:35.485 HelloWorld[38921:70b] Multi-tasking -> Device: YES, App: YES
2014-05-28 00:43:35.508 HelloWorld[38921:70b] Unlimited access to network resources
2014-05-28 00:43:35.713 HelloWorld[38921:70b] Resetting plugins due to page load.
2014-05-28 00:43:36.173 HelloWorld[38921:70b] Finished load of: file:///Users/nickmeehan/Library/Application%20Support/iPhone%20Simulator/7.1/Applications/20A37359-9701-466D-8D69-50950782D05B/HelloWorld.app/www/index.html
2014-05-28 00:43:50.781 HelloWorld[38921:70b] Camera.getPicture: source type 1 not available.
2014-05-28 00:54:42.390 HelloWorld[39598:70b] Multi-tasking -> Device: YES, App: YES
2014-05-28 00:54:42.403 HelloWorld[39598:70b] Unlimited access to network resources
2014-05-28 00:54:42.575 HelloWorld[39598:70b] Resetting plugins due to page load.
2014-05-28 00:54:43.053 HelloWorld[39598:70b] Finished load of: file:///Users/nickmeehan/Library/Application%20Support/iPhone%20Simulator/7.1/Applications/20A37359-9701-466D-8D69-50950782D05B/HelloWorld.app/www/index.html
2014-05-28 00:54:54.888 HelloWorld[39598:70b] Camera.getPicture: source type 1 not available.
2014-05-28 00:58:45.816 HelloWorld[40073:70b] Multi-tasking -> Device: YES, App: YES
2014-05-28 00:58:45.829 HelloWorld[40073:70b] Unlimited access to network resources
2014-05-28 00:58:45.987 HelloWorld[40073:70b] Resetting plugins due to page load.
2014-05-28 00:58:46.453 HelloWorld[40073:70b] Finished load of: file:///Users/nickmeehan/Library/Application%20Support/iPhone%20Simulator/7.1/Applications/20A37359-9701-466D-8D69-50950782D05B/HelloWorld.app/www/index.html
2014-05-28 00:58:59.394 HelloWorld[40073:70b] Camera.getPicture: source type 1 not available.
2014-05-28 00:59:54.607 HelloWorld[40468:70b] Multi-tasking -> Device: YES, App: YES
2014-05-28 00:59:54.621 HelloWorld[40468:70b] Unlimited access to network resources
2014-05-28 00:59:54.817 HelloWorld[40468:70b] Resetting plugins due to page load.
2014-05-28 00:59:55.470 HelloWorld[40468:70b] Finished load of: file:///Users/nickmeehan/Library/Application%20Support/iPhone%20Simulator/7.1/Applications/20A37359-9701-466D-8D69-50950782D05B/HelloWorld.app/www/index.html
2014-05-28 11:33:07.906 HelloWorld[48064:70b] Multi-tasking -> Device: YES, App: YES
2014-05-28 11:33:07.919 HelloWorld[48064:70b] Unlimited access to network resources
2014-05-28 11:33:08.074 HelloWorld[48064:70b] Resetting plugins due to page load.
2014-05-28 11:33:08.623 HelloWorld[48064:70b] Finished load of: file:///Users/nickmeehan/Library/Application%20Support/iPhone%20Simulator/7.1/Applications/20A37359-9701-466D-8D69-50950782D05B/HelloWorld.app/www/index.html
2014-05-28 11:34:49.561 HelloWorld[48510:70b] Multi-tasking -> Device: YES, App: YES
2014-05-28 11:34:49.578 HelloWorld[48510:70b] Unlimited access to network resources
2014-05-28 11:34:49.791 HelloWorld[48510:70b] Resetting plugins due to page load.
2014-05-28 11:34:54.307 HelloWorld[48510:70b] Finished load of: file:///Users/nickmeehan/Library/Application%20Support/iPhone%20Simulator/7.1/Applications/20A37359-9701-466D-8D69-50950782D05B/HelloWorld.app/www/index.html
2014-05-28 11:36:09.523 HelloWorld[48911:70b] Multi-tasking -> Device: YES, App: YES
2014-05-28 11:36:09.537 HelloWorld[48911:70b] Unlimited access to network resources
2014-05-28 11:36:09.692 HelloWorld[48911:70b] Resetting plugins due to page load.
2014-05-28 11:36:13.062 HelloWorld[48911:70b] Finished load of: file:///Users/nickmeehan/Library/Application%20Support/iPhone%20Simulator/7.1/Applications/20A37359-9701-466D-8D69-50950782D05B/HelloWorld.app/www/index.html
2014-05-28 11:44:18.151 HelloWorld[49527:70b] Multi-tasking -> Device: YES, App: YES
2014-05-28 11:44:18.162 HelloWorld[49527:70b] Unlimited access to network resources
2014-05-28 11:44:18.337 HelloWorld[49527:70b] Resetting plugins due to page load.
2014-05-28 11:44:19.194 HelloWorld[49527:70b] Finished load of: file:///Users/nickmeehan/Library/Application%20Support/iPhone%20Simulator/7.1/Applications/20A37359-9701-466D-8D69-50950782D05B/HelloWorld.app/www/index.html
2014-05-28 11:44:55.592 HelloWorld[49906:70b] Multi-tasking -> Device: YES, App: YES
2014-05-28 11:44:55.603 HelloWorld[49906:70b] Unlimited access to network resources
2014-05-28 11:44:55.765 HelloWorld[49906:70b] Resetting plugins due to page load.
2014-05-28 11:44:56.570 HelloWorld[49906:70b] Finished load of: file:///Users/nickmeehan/Library/Application%20Support/iPhone%20Simulator/7.1/Applications/20A37359-9701-466D-8D69-50950782D05B/HelloWorld.app/www/index.html
2014-05-28 11:46:02.893 HelloWorld[50301:70b] Multi-tasking -> Device: YES, App: YES
2014-05-28 11:46:02.906 HelloWorld[50301:70b] Unlimited access to network resources
2014-05-28 11:46:03.075 HelloWorld[50301:70b] Resetting plugins due to page load.
2014-05-28 11:46:07.189 HelloWorld[50301:70b] Finished load of: file:///Users/nickmeehan/Library/Application%20Support/iPhone%20Simulator/7.1/Applications/20A37359-9701-466D-8D69-50950782D05B/HelloWorld.app/www/index.html
2014-05-28 11:47:57.894 HelloWorld[50716:70b] Multi-tasking -> Device: YES, App: YES
2014-05-28 11:47:57.906 HelloWorld[50716:70b] Unlimited access to network resources
2014-05-28 11:47:58.089 HelloWorld[50716:70b] Resetting plugins due to page load.
2014-05-28 11:48:00.483 HelloWorld[50716:70b] Finished load of: file:///Users/nickmeehan/Library/Application%20Support/iPhone%20Simulator/7.1/Applications/20A37359-9701-466D-8D69-50950782D05B/HelloWorld.app/www/index.html
Terminating in response to SpringBoard's termination.
2014-05-28 11:50:11.744 HelloWorld[51142:70b] Multi-tasking -> Device: YES, App: YES
2014-05-28 11:50:11.755 HelloWorld[51142:70b] Unlimited access to network resources
2014-05-28 11:50:11.942 HelloWorld[51142:70b] Resetting plugins due to page load.
2014-05-28 11:50:12.711 HelloWorld[51142:70b] THREAD WARNING: ['Notification'] took '26.276123' ms. Plugin should use a background thread.
2014-05-28 11:50:12.734 HelloWorld[51142:70b] Finished load of: file:///Users/nickmeehan/Library/Application%20Support/iPhone%20Simulator/7.1/Applications/20A37359-9701-466D-8D69-50950782D05B/HelloWorld.app/www/index.html
2014-05-28 11:50:55.602 HelloWorld[51523:70b] Multi-tasking -> Device: YES, App: YES
2014-05-28 11:50:55.615 HelloWorld[51523:70b] Unlimited access to network resources
2014-05-28 11:50:55.797 HelloWorld[51523:70b] Resetting plugins due to page load.
2014-05-28 11:50:59.173 HelloWorld[51523:70b] Finished load of: file:///Users/nickmeehan/Library/Application%20Support/iPhone%20Simulator/7.1/Applications/20A37359-9701-466D-8D69-50950782D05B/HelloWorld.app/www/index.html
2014-05-28 11:55:08.496 HelloWorld[52012:70b] Multi-tasking -> Device: YES, App: YES
2014-05-28 11:55:08.507 HelloWorld[52012:70b] Unlimited access to network resources
2014-05-28 11:55:08.678 HelloWorld[52012:70b] Resetting plugins due to page load.
2014-05-28 11:55:08.777 HelloWorld[52012:70b] Finished load of: file:///Users/nickmeehan/Library/Application%20Support/iPhone%20Simulator/7.1/Applications/20A37359-9701-466D-8D69-50950782D05B/HelloWorld.app/www/index.html
2014-05-28 11:57:10.867 sugarsnap[52455:70b] Multi-tasking -> Device: YES, App: YES
2014-05-28 11:57:10.878 sugarsnap[52455:70b] Unlimited access to network resources
2014-05-28 11:57:11.074 sugarsnap[52455:70b] Resetting plugins due to page load.
2014-05-28 11:57:11.153 sugarsnap[52455:70b] Finished load of: file:///Users/nickmeehan/Library/Application%20Support/iPhone%20Simulator/7.1/Applications/39DA98E1-40EF-4EDF-9835-8AB32DD6ACBC/sugarsnap.app/www/index.html
Terminating in response to SpringBoard's termination.
2014-05-28 11:58:19.749 sugarsnap[52848:70b] Multi-tasking -> Device: YES, App: YES
2014-05-28 11:58:19.762 sugarsnap[52848:70b] Unlimited access to network resources
2014-05-28 11:58:19.767 sugarsnap[52848:70b] Fix applied for database locations?: YES
2014-05-28 11:58:19.932 sugarsnap[52848:70b] Resetting plugins due to page load.
2014-05-28 11:58:20.005 sugarsnap[52848:70b] Finished load of: file:///Users/nickmeehan/Library/Application%20Support/iPhone%20Simulator/7.1/Applications/C70987F1-5457-4A82-8DB9-6499A011A404/sugarsnap.app/www/index.html
2014-05-28 12:00:27.514 sugarsnap[53325:70b] Multi-tasking -> Device: YES, App: YES
2014-05-28 12:00:27.526 sugarsnap[53325:70b] Unlimited access to network resources
2014-05-28 12:00:27.707 sugarsnap[53325:70b] Resetting plugins due to page load.
2014-05-28 12:00:30.890 sugarsnap[53325:70b] Finished load of: file:///Users/nickmeehan/Library/Application%20Support/iPhone%20Simulator/7.1/Applications/C70987F1-5457-4A82-8DB9-6499A011A404/sugarsnap.app/www/index.html
2014-05-28 12:02:18.128 sugarsnap[53745:70b] Multi-tasking -> Device: YES, App: YES
2014-05-28 12:02:18.141 sugarsnap[53745:70b] Unlimited access to network resources
2014-05-28 12:02:18.311 sugarsnap[53745:70b] Resetting plugins due to page load.
2014-05-28 12:02:24.620 sugarsnap[53745:70b] Finished load of: file:///Users/nickmeehan/Library/Application%20Support/iPhone%20Simulator/7.1/Applications/C70987F1-5457-4A82-8DB9-6499A011A404/sugarsnap.app/www/index.html
Terminating in response to SpringBoard's termination.
2014-05-28 12:02:46.578 sugarsnap[54120:70b] Multi-tasking -> Device: YES, App: YES
2014-05-28 12:02:46.592 sugarsnap[54120:70b] Unlimited access to network resources
2014-05-28 12:02:46.761 sugarsnap[54120:70b] Resetting plugins due to page load.
2014-05-28 12:02:48.706 sugarsnap[54120:70b] Finished load of: file:///Users/nickmeehan/Library/Application%20Support/iPhone%20Simulator/7.1/Applications/C70987F1-5457-4A82-8DB9-6499A011A404/sugarsnap.app/www/index.html
2014-05-28 12:03:20.987 sugarsnap[54497:70b] Multi-tasking -> Device: YES, App: YES
2014-05-28 12:03:20.998 sugarsnap[54497:70b] Unlimited access to network resources
2014-05-28 12:03:21.181 sugarsnap[54497:70b] Resetting plugins due to page load.
2014-05-28 12:03:21.970 sugarsnap[54497:70b] Finished load of: file:///Users/nickmeehan/Library/Application%20Support/iPhone%20Simulator/7.1/Applications/C70987F1-5457-4A82-8DB9-6499A011A404/sugarsnap.app/www/index.html
2014-05-28 12:03:51.527 sugarsnap[54871:70b] Multi-tasking -> Device: YES, App: YES
2014-05-28 12:03:51.541 sugarsnap[54871:70b] Unlimited access to network resources
2014-05-28 12:03:51.704 sugarsnap[54871:70b] Resetting plugins due to page load.
2014-05-28 12:03:55.246 sugarsnap[54871:70b] Finished load of: file:///Users/nickmeehan/Library/Application%20Support/iPhone%20Simulator/7.1/Applications/C70987F1-5457-4A82-8DB9-6499A011A404/sugarsnap.app/www/index.html
2014-05-28 12:04:30.020 sugarsnap[55250:70b] Multi-tasking -> Device: YES, App: YES
2014-05-28 12:04:30.031 sugarsnap[55250:70b] Unlimited access to network resources
2014-05-28 12:04:30.199 sugarsnap[55250:70b] Resetting plugins due to page load.
2014-05-28 12:04:32.613 sugarsnap[55250:70b] Finished load of: file:///Users/nickmeehan/Library/Application%20Support/iPhone%20Simulator/7.1/Applications/C70987F1-5457-4A82-8DB9-6499A011A404/sugarsnap.app/www/index.html
2014-05-28 12:05:30.919 sugarsnap[55834:70b] Multi-tasking -> Device: YES, App: YES
2014-05-28 12:05:30.931 sugarsnap[55834:70b] Unlimited access to network resources
2014-05-28 12:05:31.148 sugarsnap[55834:70b] Resetting plugins due to page load.
2014-05-28 12:05:32.264 sugarsnap[55834:70b] Finished load of: file:///Users/nickmeehan/Library/Application%20Support/iPhone%20Simulator/7.1/Applications/C70987F1-5457-4A82-8DB9-6499A011A404/sugarsnap.app/www/index.html
2014-05-28 12:06:05.069 sugarsnap[56215:70b] Multi-tasking -> Device: YES, App: YES
2014-05-28 12:06:05.081 sugarsnap[56215:70b] Unlimited access to network resources
2014-05-28 12:06:05.256 sugarsnap[56215:70b] Resetting plugins due to page load.
2014-05-28 12:06:07.114 sugarsnap[56215:70b] Finished load of: file:///Users/nickmeehan/Library/Application%20Support/iPhone%20Simulator/7.1/Applications/C70987F1-5457-4A82-8DB9-6499A011A404/sugarsnap.app/www/index.html
2014-05-28 12:06:39.778 sugarsnap[56591:70b] Multi-tasking -> Device: YES, App: YES
2014-05-28 12:06:39.793 sugarsnap[56591:70b] Unlimited access to network resources
2014-05-28 12:06:39.952 sugarsnap[56591:70b] Resetting plugins due to page load.
2014-05-28 12:06:41.434 sugarsnap[56591:70b] Finished load of: file:///Users/nickmeehan/Library/Application%20Support/iPhone%20Simulator/7.1/Applications/C70987F1-5457-4A82-8DB9-6499A011A404/sugarsnap.app/www/index.html
2014-05-28 12:09:24.853 sugarsnap[57038:70b] Multi-tasking -> Device: YES, App: YES
2014-05-28 12:09:24.866 sugarsnap[57038:70b] Unlimited access to network resources
2014-05-28 12:09:25.033 sugarsnap[57038:70b] Resetting plugins due to page load.
2014-05-28 12:09:26.360 sugarsnap[57038:70b] Finished load of: file:///Users/nickmeehan/Library/Application%20Support/iPhone%20Simulator/7.1/Applications/C70987F1-5457-4A82-8DB9-6499A011A404/sugarsnap.app/www/index.html
2014-05-28 12:09:40.378 sugarsnap[57038:70b] Camera.getPicture: source type 1 not available.
2014-05-28 12:09:40.389 sugarsnap[57038:70b] THREAD WARNING: ['Notification'] took '10.126221' ms. Plugin should use a background thread.
Terminating in response to SpringBoard's termination.
2014-05-28 12:10:22.629 sugarsnap[57426:70b] Multi-tasking -> Device: YES, App: YES
2014-05-28 12:10:22.642 sugarsnap[57426:70b] Unlimited access to network resources
2014-05-28 12:10:22.802 sugarsnap[57426:70b] Resetting plugins due to page load.
2014-05-28 12:10:23.772 sugarsnap[57426:70b] Finished load of: file:///Users/nickmeehan/Library/Application%20Support/iPhone%20Simulator/7.1/Applications/C70987F1-5457-4A82-8DB9-6499A011A404/sugarsnap.app/www/index.html
2014-05-28 12:13:42.079 sugarsnap[57886:70b] Multi-tasking -> Device: YES, App: YES
2014-05-28 12:13:42.090 sugarsnap[57886:70b] Unlimited access to network resources
2014-05-28 12:13:42.257 sugarsnap[57886:70b] Resetting plugins due to page load.
2014-05-28 12:13:43.918 sugarsnap[57886:70b] Finished load of: file:///Users/nickmeehan/Library/Application%20Support/iPhone%20Simulator/7.1/Applications/C70987F1-5457-4A82-8DB9-6499A011A404/sugarsnap.app/www/index.html
2014-05-28 12:14:17.494 sugarsnap[58263:70b] Multi-tasking -> Device: YES, App: YES
2014-05-28 12:14:17.507 sugarsnap[58263:70b] Unlimited access to network resources
2014-05-28 12:14:17.671 sugarsnap[58263:70b] Resetting plugins due to page load.
2014-05-28 12:14:18.444 sugarsnap[58263:70b] Finished load of: file:///Users/nickmeehan/Library/Application%20Support/iPhone%20Simulator/7.1/Applications/C70987F1-5457-4A82-8DB9-6499A011A404/sugarsnap.app/www/index.html
2014-05-28 12:15:46.135 sugarsnap[58669:70b] Multi-tasking -> Device: YES, App: YES
2014-05-28 12:15:46.147 sugarsnap[58669:70b] Unlimited access to network resources
2014-05-28 12:15:46.318 sugarsnap[58669:70b] Resetting plugins due to page load.
2014-05-28 12:15:48.550 sugarsnap[58669:70b] Finished load of: file:///Users/nickmeehan/Library/Application%20Support/iPhone%20Simulator/7.1/Applications/C70987F1-5457-4A82-8DB9-6499A011A404/sugarsnap.app/www/index.html
2014-05-28 12:16:05.364 sugarsnap[58669:70b] Camera.getPicture: source type 1 not available.
2014-05-28 12:16:05.377 sugarsnap[58669:70b] THREAD WARNING: ['Notification'] took '11.810059' ms. Plugin should use a background thread.
2014-05-28 12:17:41.063 sugarsnap[59085:70b] Multi-tasking -> Device: YES, App: YES
2014-05-28 12:17:41.075 sugarsnap[59085:70b] Unlimited access to network resources
2014-05-28 12:17:41.248 sugarsnap[59085:70b] Resetting plugins due to page load.
2014-05-28 12:17:43.470 sugarsnap[59085:70b] Finished load of: file:///Users/nickmeehan/Library/Application%20Support/iPhone%20Simulator/7.1/Applications/C70987F1-5457-4A82-8DB9-6499A011A404/sugarsnap.app/www/index.html
2014-05-28 12:17:57.054 sugarsnap[59085:70b] Camera.getPicture: source type 1 not available.
2014-05-28 12:17:57.066 sugarsnap[59085:70b] THREAD WARNING: ['Notification'] took '11.290039' ms. Plugin should use a background thread.
2014-05-28 12:19:02.268 sugarsnap[59489:70b] Multi-tasking -> Device: YES, App: YES
2014-05-28 12:19:02.279 sugarsnap[59489:70b] Unlimited access to network resources
2014-05-28 12:19:02.442 sugarsnap[59489:70b] Resetting plugins due to page load.
2014-05-28 12:19:04.745 sugarsnap[59489:70b] Finished load of: file:///Users/nickmeehan/Library/Application%20Support/iPhone%20Simulator/7.1/Applications/C70987F1-5457-4A82-8DB9-6499A011A404/sugarsnap.app/www/index.html
2014-05-28 12:22:17.680 sugarsnap[59945:70b] Multi-tasking -> Device: YES, App: YES
2014-05-28 12:22:17.692 sugarsnap[59945:70b] Unlimited access to network resources
2014-05-28 12:22:17.850 sugarsnap[59945:70b] Resetting plugins due to page load.
2014-05-28 12:22:20.144 sugarsnap[59945:70b] Finished load of: file:///Users/nickmeehan/Library/Application%20Support/iPhone%20Simulator/7.1/Applications/C70987F1-5457-4A82-8DB9-6499A011A404/sugarsnap.app/www/index.html
2014-05-28 14:18:18.245 sugarsnap[62456:70b] Multi-tasking -> Device: YES, App: YES
2014-05-28 14:18:18.257 sugarsnap[62456:70b] Unlimited access to network resources
2014-05-28 14:18:18.423 sugarsnap[62456:70b] Resetting plugins due to page load.
2014-05-28 14:18:19.092 sugarsnap[62456:70b] Finished load of: file:///Users/nickmeehan/Library/Application%20Support/iPhone%20Simulator/7.1/Applications/C70987F1-5457-4A82-8DB9-6499A011A404/sugarsnap.app/www/index.html
Terminating in response to SpringBoard's termination.
2014-05-28 14:20:15.350 sugarsnap[62878:70b] Multi-tasking -> Device: YES, App: YES
2014-05-28 14:20:15.362 sugarsnap[62878:70b] Unlimited access to network resources
2014-05-28 14:20:15.593 sugarsnap[62878:70b] Resetting plugins due to page load.
2014-05-28 14:20:16.506 sugarsnap[62878:70b] Finished load of: file:///Users/nickmeehan/Library/Application%20Support/iPhone%20Simulator/7.1/Applications/C70987F1-5457-4A82-8DB9-6499A011A404/sugarsnap.app/www/index.html
2014-05-28 14:20:28.059 sugarsnap[62878:70b] Camera.getPicture: source type 1 not available.
2014-05-28 14:20:28.060 sugarsnap[62878:70b] Camera.getPicture: source type 1 not available.
2014-05-28 14:20:35.321 sugarsnap[62878:70b] Camera.getPicture: source type 1 not available.
2014-05-28 14:20:35.322 sugarsnap[62878:70b] Camera.getPicture: source type 1 not available.
2014-05-28 14:20:35.333 sugarsnap[62878:70b] THREAD WARNING: ['Notification'] took '10.040771' ms. Plugin should use a background thread.
2014-05-28 14:21:04.501 sugarsnap[62878:70b] Camera.getPicture: source type 1 not available.
2014-05-28 14:21:04.503 sugarsnap[62878:70b] Camera.getPicture: source type 1 not available.
2014-05-28 14:21:34.295 sugarsnap[63281:70b] Multi-tasking -> Device: YES, App: YES
2014-05-28 14:21:34.309 sugarsnap[63281:70b] Unlimited access to network resources
2014-05-28 14:21:34.464 sugarsnap[63281:70b] Resetting plugins due to page load.
2014-05-28 14:21:35.353 sugarsnap[63281:70b] Finished load of: file:///Users/nickmeehan/Library/Application%20Support/iPhone%20Simulator/7.1/Applications/C70987F1-5457-4A82-8DB9-6499A011A404/sugarsnap.app/www/index.html
2014-05-28 14:22:29.251 sugarsnap[63668:70b] Multi-tasking -> Device: YES, App: YES
2014-05-28 14:22:29.261 sugarsnap[63668:70b] Unlimited access to network resources
2014-05-28 14:22:29.414 sugarsnap[63668:70b] Resetting plugins due to page load.
2014-05-28 14:22:30.033 sugarsnap[63668:70b] THREAD WARNING: ['Notification'] took '26.992188' ms. Plugin should use a background thread.
2014-05-28 14:22:30.095 sugarsnap[63668:70b] Finished load of: file:///Users/nickmeehan/Library/Application%20Support/iPhone%20Simulator/7.1/Applications/C70987F1-5457-4A82-8DB9-6499A011A404/sugarsnap.app/www/index.html
2014-05-28 14:25:31.316 sugarsnap[64118:70b] Multi-tasking -> Device: YES, App: YES
2014-05-28 14:25:31.329 sugarsnap[64118:70b] Unlimited access to network resources
2014-05-28 14:25:31.527 sugarsnap[64118:70b] Resetting plugins due to page load.
2014-05-28 14:25:32.468 sugarsnap[64118:70b] Finished load of: file:///Users/nickmeehan/Library/Application%20Support/iPhone%20Simulator/7.1/Applications/C70987F1-5457-4A82-8DB9-6499A011A404/sugarsnap.app/www/index.html
2014-05-28 14:25:37.279 sugarsnap[64118:70b] THREAD WARNING: ['Notification'] took '24.098877' ms. Plugin should use a background thread.
2014-05-28 14:26:16.142 sugarsnap[64499:70b] Multi-tasking -> Device: YES, App: YES
2014-05-28 14:26:16.156 sugarsnap[64499:70b] Unlimited access to network resources
2014-05-28 14:26:16.339 sugarsnap[64499:70b] Resetting plugins due to page load.
2014-05-28 14:26:17.111 sugarsnap[64499:70b] Finished load of: file:///Users/nickmeehan/Library/Application%20Support/iPhone%20Simulator/7.1/Applications/C70987F1-5457-4A82-8DB9-6499A011A404/sugarsnap.app/www/index.html
2014-05-28 14:29:09.774 sugarsnap[64944:70b] Multi-tasking -> Device: YES, App: YES
2014-05-28 14:29:09.786 sugarsnap[64944:70b] Unlimited access to network resources
2014-05-28 14:29:09.953 sugarsnap[64944:70b] Resetting plugins due to page load.
2014-05-28 14:29:36.707 sugarsnap[64944:70b] Finished load of: file:///Users/nickmeehan/Library/Application%20Support/iPhone%20Simulator/7.1/Applications/C70987F1-5457-4A82-8DB9-6499A011A404/sugarsnap.app/www/index.html
2014-05-28 14:30:08.873 sugarsnap[65336:70b] Multi-tasking -> Device: YES, App: YES
2014-05-28 14:30:08.885 sugarsnap[65336:70b] Unlimited access to network resources
2014-05-28 14:30:09.056 sugarsnap[65336:70b] Resetting plugins due to page load.
2014-05-28 14:30:33.735 sugarsnap[65336:70b] Finished load of: file:///Users/nickmeehan/Library/Application%20Support/iPhone%20Simulator/7.1/Applications/C70987F1-5457-4A82-8DB9-6499A011A404/sugarsnap.app/www/index.html
2014-05-28 14:30:38.379 sugarsnap[65336:70b] THREAD WARNING: ['Notification'] took '10.561035' ms. Plugin should use a background thread.
2014-05-28 14:32:21.528 sugarsnap[65766:70b] Multi-tasking -> Device: YES, App: YES
2014-05-28 14:32:21.543 sugarsnap[65766:70b] Unlimited access to network resources
2014-05-28 14:32:21.701 sugarsnap[65766:70b] Resetting plugins due to page load.
2014-05-28 14:32:23.066 sugarsnap[65766:70b] Finished load of: file:///Users/nickmeehan/Library/Application%20Support/iPhone%20Simulator/7.1/Applications/C70987F1-5457-4A82-8DB9-6499A011A404/sugarsnap.app/www/index.html
2014-05-28 14:32:47.720 sugarsnap[65766:70b] Camera.getPicture: source type 1 not available.
